[2025-09-05 08:25:56,044][midst_toolkit][INFO] - Running data processing pipeline...
[2025-09-05 08:25:56,054][midst_toolkit][INFO] - DataFrame loaded from examples/ensemble_attack_example/data/midst_data_all_attacks/tabddpm_black_box/train/tabddpm_1/train_with_id.csv
[2025-09-05 08:25:56,062][midst_toolkit][INFO] - DataFrame loaded from examples/ensemble_attack_example/data/midst_data_all_attacks/tabddpm_black_box/train/tabddpm_2/train_with_id.csv
[2025-09-05 08:25:56,069][midst_toolkit][INFO] - DataFrame loaded from examples/ensemble_attack_example/data/midst_data_all_attacks/tabddpm_black_box/train/tabddpm_3/train_with_id.csv
[2025-09-05 08:25:56,079][midst_toolkit][INFO] - DataFrame loaded from examples/ensemble_attack_example/data/midst_data_all_attacks/tabddpm_black_box/train/tabddpm_4/train_with_id.csv
[2025-09-05 08:25:56,086][midst_toolkit][INFO] - DataFrame loaded from examples/ensemble_attack_example/data/midst_data_all_attacks/tabddpm_black_box/train/tabddpm_5/train_with_id.csv
[2025-09-05 08:25:56,097][midst_toolkit][INFO] - DataFrame loaded from examples/ensemble_attack_example/data/midst_data_all_attacks/tabddpm_black_box/train/tabddpm_6/train_with_id.csv
[2025-09-05 08:25:56,107][midst_toolkit][INFO] - DataFrame loaded from examples/ensemble_attack_example/data/midst_data_all_attacks/tabddpm_black_box/train/tabddpm_7/train_with_id.csv
[2025-09-05 08:25:56,115][midst_toolkit][INFO] - DataFrame loaded from examples/ensemble_attack_example/data/midst_data_all_attacks/tabddpm_black_box/train/tabddpm_8/train_with_id.csv
[2025-09-05 08:25:56,122][midst_toolkit][INFO] - DataFrame loaded from examples/ensemble_attack_example/data/midst_data_all_attacks/tabddpm_black_box/train/tabddpm_9/train_with_id.csv
[2025-09-05 08:25:56,135][midst_toolkit][INFO] - DataFrame loaded from examples/ensemble_attack_example/data/midst_data_all_attacks/tabddpm_black_box/train/tabddpm_10/train_with_id.csv
[2025-09-05 08:25:56,143][midst_toolkit][INFO] - DataFrame loaded from examples/ensemble_attack_example/data/midst_data_all_attacks/tabddpm_black_box/train/tabddpm_11/train_with_id.csv
[2025-09-05 08:25:56,153][midst_toolkit][INFO] - DataFrame loaded from examples/ensemble_attack_example/data/midst_data_all_attacks/tabddpm_black_box/train/tabddpm_12/train_with_id.csv
[2025-09-05 08:25:56,165][midst_toolkit][INFO] - DataFrame loaded from examples/ensemble_attack_example/data/midst_data_all_attacks/tabddpm_black_box/train/tabddpm_13/train_with_id.csv
[2025-09-05 08:25:56,178][midst_toolkit][INFO] - DataFrame loaded from examples/ensemble_attack_example/data/midst_data_all_attacks/tabddpm_black_box/train/tabddpm_14/train_with_id.csv
[2025-09-05 08:25:56,191][midst_toolkit][INFO] - DataFrame loaded from examples/ensemble_attack_example/data/midst_data_all_attacks/tabddpm_black_box/train/tabddpm_15/train_with_id.csv
[2025-09-05 08:25:56,205][midst_toolkit][INFO] - DataFrame loaded from examples/ensemble_attack_example/data/midst_data_all_attacks/tabddpm_black_box/train/tabddpm_16/train_with_id.csv
[2025-09-05 08:25:56,217][midst_toolkit][INFO] - DataFrame loaded from examples/ensemble_attack_example/data/midst_data_all_attacks/tabddpm_black_box/train/tabddpm_17/train_with_id.csv
[2025-09-05 08:25:56,229][midst_toolkit][INFO] - DataFrame loaded from examples/ensemble_attack_example/data/midst_data_all_attacks/tabddpm_black_box/train/tabddpm_18/train_with_id.csv
[2025-09-05 08:25:56,242][midst_toolkit][INFO] - DataFrame loaded from examples/ensemble_attack_example/data/midst_data_all_attacks/tabddpm_black_box/train/tabddpm_19/train_with_id.csv
[2025-09-05 08:25:56,256][midst_toolkit][INFO] - DataFrame loaded from examples/ensemble_attack_example/data/midst_data_all_attacks/tabddpm_black_box/train/tabddpm_20/train_with_id.csv
[2025-09-05 08:25:56,270][midst_toolkit][INFO] - DataFrame loaded from examples/ensemble_attack_example/data/midst_data_all_attacks/tabddpm_black_box/train/tabddpm_21/train_with_id.csv
[2025-09-05 08:25:56,284][midst_toolkit][INFO] - DataFrame loaded from examples/ensemble_attack_example/data/midst_data_all_attacks/tabddpm_black_box/train/tabddpm_22/train_with_id.csv
[2025-09-05 08:25:56,299][midst_toolkit][INFO] - DataFrame loaded from examples/ensemble_attack_example/data/midst_data_all_attacks/tabddpm_black_box/train/tabddpm_23/train_with_id.csv
[2025-09-05 08:25:56,317][midst_toolkit][INFO] - DataFrame loaded from examples/ensemble_attack_example/data/midst_data_all_attacks/tabddpm_black_box/train/tabddpm_24/train_with_id.csv
[2025-09-05 08:25:56,331][midst_toolkit][INFO] - DataFrame loaded from examples/ensemble_attack_example/data/midst_data_all_attacks/tabddpm_black_box/train/tabddpm_25/train_with_id.csv
[2025-09-05 08:25:56,345][midst_toolkit][INFO] - DataFrame loaded from examples/ensemble_attack_example/data/midst_data_all_attacks/tabddpm_black_box/train/tabddpm_26/train_with_id.csv
[2025-09-05 08:25:56,360][midst_toolkit][INFO] - DataFrame loaded from examples/ensemble_attack_example/data/midst_data_all_attacks/tabddpm_black_box/train/tabddpm_27/train_with_id.csv
[2025-09-05 08:25:56,374][midst_toolkit][INFO] - DataFrame loaded from examples/ensemble_attack_example/data/midst_data_all_attacks/tabddpm_black_box/train/tabddpm_28/train_with_id.csv
[2025-09-05 08:25:56,390][midst_toolkit][INFO] - DataFrame loaded from examples/ensemble_attack_example/data/midst_data_all_attacks/tabddpm_black_box/train/tabddpm_29/train_with_id.csv
[2025-09-05 08:25:56,404][midst_toolkit][INFO] - DataFrame loaded from examples/ensemble_attack_example/data/midst_data_all_attacks/tabddpm_black_box/train/tabddpm_30/train_with_id.csv
[2025-09-05 08:25:56,520][midst_toolkit][INFO] - DataFrame loaded from examples/ensemble_attack_example/data/midst_data_all_attacks/tabsyn_black_box/train/tabsyn_1/train_with_id.csv
[2025-09-05 08:25:56,526][midst_toolkit][INFO] - DataFrame loaded from examples/ensemble_attack_example/data/midst_data_all_attacks/tabsyn_black_box/train/tabsyn_2/train_with_id.csv
[2025-09-05 08:25:56,534][midst_toolkit][INFO] - DataFrame loaded from examples/ensemble_attack_example/data/midst_data_all_attacks/tabsyn_black_box/train/tabsyn_3/train_with_id.csv
[2025-09-05 08:25:56,541][midst_toolkit][INFO] - DataFrame loaded from examples/ensemble_attack_example/data/midst_data_all_attacks/tabsyn_black_box/train/tabsyn_4/train_with_id.csv
[2025-09-05 08:25:56,549][midst_toolkit][INFO] - DataFrame loaded from examples/ensemble_attack_example/data/midst_data_all_attacks/tabsyn_black_box/train/tabsyn_5/train_with_id.csv
[2025-09-05 08:25:56,556][midst_toolkit][INFO] - DataFrame loaded from examples/ensemble_attack_example/data/midst_data_all_attacks/tabsyn_black_box/train/tabsyn_6/train_with_id.csv
[2025-09-05 08:25:56,564][midst_toolkit][INFO] - DataFrame loaded from examples/ensemble_attack_example/data/midst_data_all_attacks/tabsyn_black_box/train/tabsyn_7/train_with_id.csv
[2025-09-05 08:25:56,571][midst_toolkit][INFO] - DataFrame loaded from examples/ensemble_attack_example/data/midst_data_all_attacks/tabsyn_black_box/train/tabsyn_8/train_with_id.csv
[2025-09-05 08:25:56,580][midst_toolkit][INFO] - DataFrame loaded from examples/ensemble_attack_example/data/midst_data_all_attacks/tabsyn_black_box/train/tabsyn_9/train_with_id.csv
[2025-09-05 08:25:56,588][midst_toolkit][INFO] - DataFrame loaded from examples/ensemble_attack_example/data/midst_data_all_attacks/tabsyn_black_box/train/tabsyn_10/train_with_id.csv
[2025-09-05 08:25:56,597][midst_toolkit][INFO] - DataFrame loaded from examples/ensemble_attack_example/data/midst_data_all_attacks/tabsyn_black_box/train/tabsyn_11/train_with_id.csv
[2025-09-05 08:25:56,605][midst_toolkit][INFO] - DataFrame loaded from examples/ensemble_attack_example/data/midst_data_all_attacks/tabsyn_black_box/train/tabsyn_12/train_with_id.csv
[2025-09-05 08:25:56,614][midst_toolkit][INFO] - DataFrame loaded from examples/ensemble_attack_example/data/midst_data_all_attacks/tabsyn_black_box/train/tabsyn_13/train_with_id.csv
[2025-09-05 08:25:56,622][midst_toolkit][INFO] - DataFrame loaded from examples/ensemble_attack_example/data/midst_data_all_attacks/tabsyn_black_box/train/tabsyn_14/train_with_id.csv
[2025-09-05 08:25:56,632][midst_toolkit][INFO] - DataFrame loaded from examples/ensemble_attack_example/data/midst_data_all_attacks/tabsyn_black_box/train/tabsyn_15/train_with_id.csv
[2025-09-05 08:25:56,640][midst_toolkit][INFO] - DataFrame loaded from examples/ensemble_attack_example/data/midst_data_all_attacks/tabsyn_black_box/train/tabsyn_16/train_with_id.csv
[2025-09-05 08:25:56,650][midst_toolkit][INFO] - DataFrame loaded from examples/ensemble_attack_example/data/midst_data_all_attacks/tabsyn_black_box/train/tabsyn_17/train_with_id.csv
[2025-09-05 08:25:56,659][midst_toolkit][INFO] - DataFrame loaded from examples/ensemble_attack_example/data/midst_data_all_attacks/tabsyn_black_box/train/tabsyn_18/train_with_id.csv
[2025-09-05 08:25:56,670][midst_toolkit][INFO] - DataFrame loaded from examples/ensemble_attack_example/data/midst_data_all_attacks/tabsyn_black_box/train/tabsyn_19/train_with_id.csv
[2025-09-05 08:25:56,679][midst_toolkit][INFO] - DataFrame loaded from examples/ensemble_attack_example/data/midst_data_all_attacks/tabsyn_black_box/train/tabsyn_20/train_with_id.csv
[2025-09-05 08:25:56,690][midst_toolkit][INFO] - DataFrame loaded from examples/ensemble_attack_example/data/midst_data_all_attacks/tabsyn_black_box/train/tabsyn_21/train_with_id.csv
[2025-09-05 08:25:56,698][midst_toolkit][INFO] - DataFrame loaded from examples/ensemble_attack_example/data/midst_data_all_attacks/tabsyn_black_box/train/tabsyn_22/train_with_id.csv
[2025-09-05 08:25:56,708][midst_toolkit][INFO] - DataFrame loaded from examples/ensemble_attack_example/data/midst_data_all_attacks/tabsyn_black_box/train/tabsyn_23/train_with_id.csv
[2025-09-05 08:25:56,718][midst_toolkit][INFO] - DataFrame loaded from examples/ensemble_attack_example/data/midst_data_all_attacks/tabsyn_black_box/train/tabsyn_24/train_with_id.csv
[2025-09-05 08:25:56,729][midst_toolkit][INFO] - DataFrame loaded from examples/ensemble_attack_example/data/midst_data_all_attacks/tabsyn_black_box/train/tabsyn_25/train_with_id.csv
[2025-09-05 08:25:56,739][midst_toolkit][INFO] - DataFrame loaded from examples/ensemble_attack_example/data/midst_data_all_attacks/tabsyn_black_box/train/tabsyn_26/train_with_id.csv
[2025-09-05 08:25:56,749][midst_toolkit][INFO] - DataFrame loaded from examples/ensemble_attack_example/data/midst_data_all_attacks/tabsyn_black_box/train/tabsyn_27/train_with_id.csv
[2025-09-05 08:25:56,759][midst_toolkit][INFO] - DataFrame loaded from examples/ensemble_attack_example/data/midst_data_all_attacks/tabsyn_black_box/train/tabsyn_28/train_with_id.csv
[2025-09-05 08:25:56,772][midst_toolkit][INFO] - DataFrame loaded from examples/ensemble_attack_example/data/midst_data_all_attacks/tabsyn_black_box/train/tabsyn_29/train_with_id.csv
[2025-09-05 08:25:56,784][midst_toolkit][INFO] - DataFrame loaded from examples/ensemble_attack_example/data/midst_data_all_attacks/tabsyn_black_box/train/tabsyn_30/train_with_id.csv
[2025-09-05 08:25:56,910][midst_toolkit][INFO] - DataFrame loaded from examples/ensemble_attack_example/data/midst_data_all_attacks/tabddpm_white_box/train/tabddpm_1/train_with_id.csv
[2025-09-05 08:25:56,917][midst_toolkit][INFO] - DataFrame loaded from examples/ensemble_attack_example/data/midst_data_all_attacks/tabddpm_white_box/train/tabddpm_2/train_with_id.csv
[2025-09-05 08:25:56,925][midst_toolkit][INFO] - DataFrame loaded from examples/ensemble_attack_example/data/midst_data_all_attacks/tabddpm_white_box/train/tabddpm_3/train_with_id.csv
[2025-09-05 08:25:56,932][midst_toolkit][INFO] - DataFrame loaded from examples/ensemble_attack_example/data/midst_data_all_attacks/tabddpm_white_box/train/tabddpm_4/train_with_id.csv
[2025-09-05 08:25:56,940][midst_toolkit][INFO] - DataFrame loaded from examples/ensemble_attack_example/data/midst_data_all_attacks/tabddpm_white_box/train/tabddpm_5/train_with_id.csv
[2025-09-05 08:25:56,948][midst_toolkit][INFO] - DataFrame loaded from examples/ensemble_attack_example/data/midst_data_all_attacks/tabddpm_white_box/train/tabddpm_6/train_with_id.csv
[2025-09-05 08:25:56,955][midst_toolkit][INFO] - DataFrame loaded from examples/ensemble_attack_example/data/midst_data_all_attacks/tabddpm_white_box/train/tabddpm_7/train_with_id.csv
[2025-09-05 08:25:56,964][midst_toolkit][INFO] - DataFrame loaded from examples/ensemble_attack_example/data/midst_data_all_attacks/tabddpm_white_box/train/tabddpm_8/train_with_id.csv
[2025-09-05 08:25:56,973][midst_toolkit][INFO] - DataFrame loaded from examples/ensemble_attack_example/data/midst_data_all_attacks/tabddpm_white_box/train/tabddpm_9/train_with_id.csv
[2025-09-05 08:25:56,982][midst_toolkit][INFO] - DataFrame loaded from examples/ensemble_attack_example/data/midst_data_all_attacks/tabddpm_white_box/train/tabddpm_10/train_with_id.csv
[2025-09-05 08:25:56,990][midst_toolkit][INFO] - DataFrame loaded from examples/ensemble_attack_example/data/midst_data_all_attacks/tabddpm_white_box/train/tabddpm_11/train_with_id.csv
[2025-09-05 08:25:56,999][midst_toolkit][INFO] - DataFrame loaded from examples/ensemble_attack_example/data/midst_data_all_attacks/tabddpm_white_box/train/tabddpm_12/train_with_id.csv
[2025-09-05 08:25:57,008][midst_toolkit][INFO] - DataFrame loaded from examples/ensemble_attack_example/data/midst_data_all_attacks/tabddpm_white_box/train/tabddpm_13/train_with_id.csv
[2025-09-05 08:25:57,018][midst_toolkit][INFO] - DataFrame loaded from examples/ensemble_attack_example/data/midst_data_all_attacks/tabddpm_white_box/train/tabddpm_14/train_with_id.csv
[2025-09-05 08:25:57,031][midst_toolkit][INFO] - DataFrame loaded from examples/ensemble_attack_example/data/midst_data_all_attacks/tabddpm_white_box/train/tabddpm_15/train_with_id.csv
[2025-09-05 08:25:57,051][midst_toolkit][INFO] - DataFrame loaded from examples/ensemble_attack_example/data/midst_data_all_attacks/tabddpm_white_box/train/tabddpm_16/train_with_id.csv
[2025-09-05 08:25:57,063][midst_toolkit][INFO] - DataFrame loaded from examples/ensemble_attack_example/data/midst_data_all_attacks/tabddpm_white_box/train/tabddpm_17/train_with_id.csv
[2025-09-05 08:25:57,074][midst_toolkit][INFO] - DataFrame loaded from examples/ensemble_attack_example/data/midst_data_all_attacks/tabddpm_white_box/train/tabddpm_18/train_with_id.csv
[2025-09-05 08:25:57,084][midst_toolkit][INFO] - DataFrame loaded from examples/ensemble_attack_example/data/midst_data_all_attacks/tabddpm_white_box/train/tabddpm_19/train_with_id.csv
[2025-09-05 08:25:57,093][midst_toolkit][INFO] - DataFrame loaded from examples/ensemble_attack_example/data/midst_data_all_attacks/tabddpm_white_box/train/tabddpm_20/train_with_id.csv
[2025-09-05 08:25:57,104][midst_toolkit][INFO] - DataFrame loaded from examples/ensemble_attack_example/data/midst_data_all_attacks/tabddpm_white_box/train/tabddpm_21/train_with_id.csv
[2025-09-05 08:25:57,115][midst_toolkit][INFO] - DataFrame loaded from examples/ensemble_attack_example/data/midst_data_all_attacks/tabddpm_white_box/train/tabddpm_22/train_with_id.csv
[2025-09-05 08:25:57,124][midst_toolkit][INFO] - DataFrame loaded from examples/ensemble_attack_example/data/midst_data_all_attacks/tabddpm_white_box/train/tabddpm_23/train_with_id.csv
[2025-09-05 08:25:57,134][midst_toolkit][INFO] - DataFrame loaded from examples/ensemble_attack_example/data/midst_data_all_attacks/tabddpm_white_box/train/tabddpm_24/train_with_id.csv
[2025-09-05 08:25:57,147][midst_toolkit][INFO] - DataFrame loaded from examples/ensemble_attack_example/data/midst_data_all_attacks/tabddpm_white_box/train/tabddpm_25/train_with_id.csv
[2025-09-05 08:25:57,158][midst_toolkit][INFO] - DataFrame loaded from examples/ensemble_attack_example/data/midst_data_all_attacks/tabddpm_white_box/train/tabddpm_26/train_with_id.csv
[2025-09-05 08:25:57,173][midst_toolkit][INFO] - DataFrame loaded from examples/ensemble_attack_example/data/midst_data_all_attacks/tabddpm_white_box/train/tabddpm_27/train_with_id.csv
[2025-09-05 08:25:57,187][midst_toolkit][INFO] - DataFrame loaded from examples/ensemble_attack_example/data/midst_data_all_attacks/tabddpm_white_box/train/tabddpm_28/train_with_id.csv
[2025-09-05 08:25:57,203][midst_toolkit][INFO] - DataFrame loaded from examples/ensemble_attack_example/data/midst_data_all_attacks/tabddpm_white_box/train/tabddpm_29/train_with_id.csv
[2025-09-05 08:25:57,216][midst_toolkit][INFO] - DataFrame loaded from examples/ensemble_attack_example/data/midst_data_all_attacks/tabddpm_white_box/train/tabddpm_30/train_with_id.csv
[2025-09-05 08:25:57,327][midst_toolkit][INFO] - DataFrame loaded from examples/ensemble_attack_example/data/midst_data_all_attacks/tabsyn_white_box/train/tabsyn_1/train_with_id.csv
[2025-09-05 08:25:57,334][midst_toolkit][INFO] - DataFrame loaded from examples/ensemble_attack_example/data/midst_data_all_attacks/tabsyn_white_box/train/tabsyn_2/train_with_id.csv
[2025-09-05 08:25:57,341][midst_toolkit][INFO] - DataFrame loaded from examples/ensemble_attack_example/data/midst_data_all_attacks/tabsyn_white_box/train/tabsyn_3/train_with_id.csv
[2025-09-05 08:25:57,349][midst_toolkit][INFO] - DataFrame loaded from examples/ensemble_attack_example/data/midst_data_all_attacks/tabsyn_white_box/train/tabsyn_4/train_with_id.csv
[2025-09-05 08:25:57,357][midst_toolkit][INFO] - DataFrame loaded from examples/ensemble_attack_example/data/midst_data_all_attacks/tabsyn_white_box/train/tabsyn_5/train_with_id.csv
[2025-09-05 08:25:57,365][midst_toolkit][INFO] - DataFrame loaded from examples/ensemble_attack_example/data/midst_data_all_attacks/tabsyn_white_box/train/tabsyn_6/train_with_id.csv
[2025-09-05 08:25:57,372][midst_toolkit][INFO] - DataFrame loaded from examples/ensemble_attack_example/data/midst_data_all_attacks/tabsyn_white_box/train/tabsyn_7/train_with_id.csv
[2025-09-05 08:25:57,381][midst_toolkit][INFO] - DataFrame loaded from examples/ensemble_attack_example/data/midst_data_all_attacks/tabsyn_white_box/train/tabsyn_8/train_with_id.csv
[2025-09-05 08:25:57,390][midst_toolkit][INFO] - DataFrame loaded from examples/ensemble_attack_example/data/midst_data_all_attacks/tabsyn_white_box/train/tabsyn_9/train_with_id.csv
[2025-09-05 08:25:57,400][midst_toolkit][INFO] - DataFrame loaded from examples/ensemble_attack_example/data/midst_data_all_attacks/tabsyn_white_box/train/tabsyn_10/train_with_id.csv
[2025-09-05 08:25:57,408][midst_toolkit][INFO] - DataFrame loaded from examples/ensemble_attack_example/data/midst_data_all_attacks/tabsyn_white_box/train/tabsyn_11/train_with_id.csv
[2025-09-05 08:25:57,418][midst_toolkit][INFO] - DataFrame loaded from examples/ensemble_attack_example/data/midst_data_all_attacks/tabsyn_white_box/train/tabsyn_12/train_with_id.csv
[2025-09-05 08:25:57,427][midst_toolkit][INFO] - DataFrame loaded from examples/ensemble_attack_example/data/midst_data_all_attacks/tabsyn_white_box/train/tabsyn_13/train_with_id.csv
[2025-09-05 08:25:57,436][midst_toolkit][INFO] - DataFrame loaded from examples/ensemble_attack_example/data/midst_data_all_attacks/tabsyn_white_box/train/tabsyn_14/train_with_id.csv
[2025-09-05 08:25:57,445][midst_toolkit][INFO] - DataFrame loaded from examples/ensemble_attack_example/data/midst_data_all_attacks/tabsyn_white_box/train/tabsyn_15/train_with_id.csv
[2025-09-05 08:25:57,459][midst_toolkit][INFO] - DataFrame loaded from examples/ensemble_attack_example/data/midst_data_all_attacks/tabsyn_white_box/train/tabsyn_16/train_with_id.csv
[2025-09-05 08:25:57,469][midst_toolkit][INFO] - DataFrame loaded from examples/ensemble_attack_example/data/midst_data_all_attacks/tabsyn_white_box/train/tabsyn_17/train_with_id.csv
[2025-09-05 08:25:57,478][midst_toolkit][INFO] - DataFrame loaded from examples/ensemble_attack_example/data/midst_data_all_attacks/tabsyn_white_box/train/tabsyn_18/train_with_id.csv
[2025-09-05 08:25:57,488][midst_toolkit][INFO] - DataFrame loaded from examples/ensemble_attack_example/data/midst_data_all_attacks/tabsyn_white_box/train/tabsyn_19/train_with_id.csv
[2025-09-05 08:25:57,498][midst_toolkit][INFO] - DataFrame loaded from examples/ensemble_attack_example/data/midst_data_all_attacks/tabsyn_white_box/train/tabsyn_20/train_with_id.csv
[2025-09-05 08:25:57,509][midst_toolkit][INFO] - DataFrame loaded from examples/ensemble_attack_example/data/midst_data_all_attacks/tabsyn_white_box/train/tabsyn_21/train_with_id.csv
[2025-09-05 08:25:57,518][midst_toolkit][INFO] - DataFrame loaded from examples/ensemble_attack_example/data/midst_data_all_attacks/tabsyn_white_box/train/tabsyn_22/train_with_id.csv
[2025-09-05 08:25:57,529][midst_toolkit][INFO] - DataFrame loaded from examples/ensemble_attack_example/data/midst_data_all_attacks/tabsyn_white_box/train/tabsyn_23/train_with_id.csv
[2025-09-05 08:25:57,541][midst_toolkit][INFO] - DataFrame loaded from examples/ensemble_attack_example/data/midst_data_all_attacks/tabsyn_white_box/train/tabsyn_24/train_with_id.csv
[2025-09-05 08:25:57,553][midst_toolkit][INFO] - DataFrame loaded from examples/ensemble_attack_example/data/midst_data_all_attacks/tabsyn_white_box/train/tabsyn_25/train_with_id.csv
[2025-09-05 08:25:57,565][midst_toolkit][INFO] - DataFrame loaded from examples/ensemble_attack_example/data/midst_data_all_attacks/tabsyn_white_box/train/tabsyn_26/train_with_id.csv
[2025-09-05 08:25:57,575][midst_toolkit][INFO] - DataFrame loaded from examples/ensemble_attack_example/data/midst_data_all_attacks/tabsyn_white_box/train/tabsyn_27/train_with_id.csv
[2025-09-05 08:25:57,588][midst_toolkit][INFO] - DataFrame loaded from examples/ensemble_attack_example/data/midst_data_all_attacks/tabsyn_white_box/train/tabsyn_28/train_with_id.csv
[2025-09-05 08:25:57,600][midst_toolkit][INFO] - DataFrame loaded from examples/ensemble_attack_example/data/midst_data_all_attacks/tabsyn_white_box/train/tabsyn_29/train_with_id.csv
[2025-09-05 08:25:57,612][midst_toolkit][INFO] - DataFrame loaded from examples/ensemble_attack_example/data/midst_data_all_attacks/tabsyn_white_box/train/tabsyn_30/train_with_id.csv
[2025-09-05 08:25:57,767][midst_toolkit][INFO] - DataFrame loaded from examples/ensemble_attack_example/data/midst_data_all_attacks/clavaddpm_black_box/train/clavaddpm_1/trans.csv
[2025-09-05 08:25:57,775][midst_toolkit][INFO] - DataFrame loaded from examples/ensemble_attack_example/data/midst_data_all_attacks/clavaddpm_black_box/train/clavaddpm_2/trans.csv
[2025-09-05 08:25:57,783][midst_toolkit][INFO] - DataFrame loaded from examples/ensemble_attack_example/data/midst_data_all_attacks/clavaddpm_black_box/train/clavaddpm_3/trans.csv
[2025-09-05 08:25:57,791][midst_toolkit][INFO] - DataFrame loaded from examples/ensemble_attack_example/data/midst_data_all_attacks/clavaddpm_black_box/train/clavaddpm_4/trans.csv
[2025-09-05 08:25:57,799][midst_toolkit][INFO] - DataFrame loaded from examples/ensemble_attack_example/data/midst_data_all_attacks/clavaddpm_black_box/train/clavaddpm_5/trans.csv
[2025-09-05 08:25:57,807][midst_toolkit][INFO] - DataFrame loaded from examples/ensemble_attack_example/data/midst_data_all_attacks/clavaddpm_black_box/train/clavaddpm_6/trans.csv
[2025-09-05 08:25:57,815][midst_toolkit][INFO] - DataFrame loaded from examples/ensemble_attack_example/data/midst_data_all_attacks/clavaddpm_black_box/train/clavaddpm_7/trans.csv
[2025-09-05 08:25:57,823][midst_toolkit][INFO] - DataFrame loaded from examples/ensemble_attack_example/data/midst_data_all_attacks/clavaddpm_black_box/train/clavaddpm_8/trans.csv
[2025-09-05 08:25:57,831][midst_toolkit][INFO] - DataFrame loaded from examples/ensemble_attack_example/data/midst_data_all_attacks/clavaddpm_black_box/train/clavaddpm_9/trans.csv
[2025-09-05 08:25:57,839][midst_toolkit][INFO] - DataFrame loaded from examples/ensemble_attack_example/data/midst_data_all_attacks/clavaddpm_black_box/train/clavaddpm_10/trans.csv
[2025-09-05 08:25:57,847][midst_toolkit][INFO] - DataFrame loaded from examples/ensemble_attack_example/data/midst_data_all_attacks/clavaddpm_black_box/train/clavaddpm_11/trans.csv
[2025-09-05 08:25:57,856][midst_toolkit][INFO] - DataFrame loaded from examples/ensemble_attack_example/data/midst_data_all_attacks/clavaddpm_black_box/train/clavaddpm_12/trans.csv
[2025-09-05 08:25:57,864][midst_toolkit][INFO] - DataFrame loaded from examples/ensemble_attack_example/data/midst_data_all_attacks/clavaddpm_black_box/train/clavaddpm_13/trans.csv
[2025-09-05 08:25:57,873][midst_toolkit][INFO] - DataFrame loaded from examples/ensemble_attack_example/data/midst_data_all_attacks/clavaddpm_black_box/train/clavaddpm_14/trans.csv
[2025-09-05 08:25:57,881][midst_toolkit][INFO] - DataFrame loaded from examples/ensemble_attack_example/data/midst_data_all_attacks/clavaddpm_black_box/train/clavaddpm_15/trans.csv
[2025-09-05 08:25:57,890][midst_toolkit][INFO] - DataFrame loaded from examples/ensemble_attack_example/data/midst_data_all_attacks/clavaddpm_black_box/train/clavaddpm_16/trans.csv
