[2025-09-05 08:14:29,447][midst_toolkit][INFO] - Running data processing pipeline...
[2025-09-05 08:14:29,458][midst_toolkit][INFO] - DataFrame loaded from examples/ensemble_attack_example/data/midst_data_all_attacks/tabddpm_black_box/train/tabddpm_1/train_with_id.csv
[2025-09-05 08:14:29,466][midst_toolkit][INFO] - DataFrame loaded from examples/ensemble_attack_example/data/midst_data_all_attacks/tabddpm_black_box/train/tabddpm_2/train_with_id.csv
[2025-09-05 08:14:29,473][midst_toolkit][INFO] - DataFrame loaded from examples/ensemble_attack_example/data/midst_data_all_attacks/tabddpm_black_box/train/tabddpm_3/train_with_id.csv
[2025-09-05 08:14:29,480][midst_toolkit][INFO] - DataFrame loaded from examples/ensemble_attack_example/data/midst_data_all_attacks/tabddpm_black_box/train/tabddpm_4/train_with_id.csv
[2025-09-05 08:14:29,490][midst_toolkit][INFO] - DataFrame loaded from examples/ensemble_attack_example/data/midst_data_all_attacks/tabddpm_black_box/train/tabddpm_5/train_with_id.csv
[2025-09-05 08:14:29,498][midst_toolkit][INFO] - DataFrame loaded from examples/ensemble_attack_example/data/midst_data_all_attacks/tabddpm_black_box/train/tabddpm_6/train_with_id.csv
[2025-09-05 08:14:29,506][midst_toolkit][INFO] - DataFrame loaded from examples/ensemble_attack_example/data/midst_data_all_attacks/tabddpm_black_box/train/tabddpm_7/train_with_id.csv
[2025-09-05 08:14:29,517][midst_toolkit][INFO] - DataFrame loaded from examples/ensemble_attack_example/data/midst_data_all_attacks/tabddpm_black_box/train/tabddpm_8/train_with_id.csv
[2025-09-05 08:14:29,524][midst_toolkit][INFO] - DataFrame loaded from examples/ensemble_attack_example/data/midst_data_all_attacks/tabddpm_black_box/train/tabddpm_9/train_with_id.csv
[2025-09-05 08:14:29,533][midst_toolkit][INFO] - DataFrame loaded from examples/ensemble_attack_example/data/midst_data_all_attacks/tabddpm_black_box/train/tabddpm_10/train_with_id.csv
[2025-09-05 08:14:29,547][midst_toolkit][INFO] - DataFrame loaded from examples/ensemble_attack_example/data/midst_data_all_attacks/tabddpm_black_box/train/tabddpm_11/train_with_id.csv
[2025-09-05 08:14:29,559][midst_toolkit][INFO] - DataFrame loaded from examples/ensemble_attack_example/data/midst_data_all_attacks/tabddpm_black_box/train/tabddpm_12/train_with_id.csv
[2025-09-05 08:14:29,569][midst_toolkit][INFO] - DataFrame loaded from examples/ensemble_attack_example/data/midst_data_all_attacks/tabddpm_black_box/train/tabddpm_13/train_with_id.csv
[2025-09-05 08:14:29,579][midst_toolkit][INFO] - DataFrame loaded from examples/ensemble_attack_example/data/midst_data_all_attacks/tabddpm_black_box/train/tabddpm_14/train_with_id.csv
[2025-09-05 08:14:29,589][midst_toolkit][INFO] - DataFrame loaded from examples/ensemble_attack_example/data/midst_data_all_attacks/tabddpm_black_box/train/tabddpm_15/train_with_id.csv
[2025-09-05 08:14:29,601][midst_toolkit][INFO] - DataFrame loaded from examples/ensemble_attack_example/data/midst_data_all_attacks/tabddpm_black_box/train/tabddpm_16/train_with_id.csv
[2025-09-05 08:14:29,612][midst_toolkit][INFO] - DataFrame loaded from examples/ensemble_attack_example/data/midst_data_all_attacks/tabddpm_black_box/train/tabddpm_17/train_with_id.csv
[2025-09-05 08:14:29,623][midst_toolkit][INFO] - DataFrame loaded from examples/ensemble_attack_example/data/midst_data_all_attacks/tabddpm_black_box/train/tabddpm_18/train_with_id.csv
[2025-09-05 08:14:29,634][midst_toolkit][INFO] - DataFrame loaded from examples/ensemble_attack_example/data/midst_data_all_attacks/tabddpm_black_box/train/tabddpm_19/train_with_id.csv
[2025-09-05 08:14:29,646][midst_toolkit][INFO] - DataFrame loaded from examples/ensemble_attack_example/data/midst_data_all_attacks/tabddpm_black_box/train/tabddpm_20/train_with_id.csv
[2025-09-05 08:14:29,657][midst_toolkit][INFO] - DataFrame loaded from examples/ensemble_attack_example/data/midst_data_all_attacks/tabddpm_black_box/train/tabddpm_21/train_with_id.csv
[2025-09-05 08:14:29,670][midst_toolkit][INFO] - DataFrame loaded from examples/ensemble_attack_example/data/midst_data_all_attacks/tabddpm_black_box/train/tabddpm_22/train_with_id.csv
[2025-09-05 08:14:29,681][midst_toolkit][INFO] - DataFrame loaded from examples/ensemble_attack_example/data/midst_data_all_attacks/tabddpm_black_box/train/tabddpm_23/train_with_id.csv
[2025-09-05 08:14:29,694][midst_toolkit][INFO] - DataFrame loaded from examples/ensemble_attack_example/data/midst_data_all_attacks/tabddpm_black_box/train/tabddpm_24/train_with_id.csv
[2025-09-05 08:14:29,708][midst_toolkit][INFO] - DataFrame loaded from examples/ensemble_attack_example/data/midst_data_all_attacks/tabddpm_black_box/train/tabddpm_25/train_with_id.csv
[2025-09-05 08:14:29,722][midst_toolkit][INFO] - DataFrame loaded from examples/ensemble_attack_example/data/midst_data_all_attacks/tabddpm_black_box/train/tabddpm_26/train_with_id.csv
[2025-09-05 08:14:29,736][midst_toolkit][INFO] - DataFrame loaded from examples/ensemble_attack_example/data/midst_data_all_attacks/tabddpm_black_box/train/tabddpm_27/train_with_id.csv
[2025-09-05 08:14:29,751][midst_toolkit][INFO] - DataFrame loaded from examples/ensemble_attack_example/data/midst_data_all_attacks/tabddpm_black_box/train/tabddpm_28/train_with_id.csv
[2025-09-05 08:14:29,767][midst_toolkit][INFO] - DataFrame loaded from examples/ensemble_attack_example/data/midst_data_all_attacks/tabddpm_black_box/train/tabddpm_29/train_with_id.csv
[2025-09-05 08:14:29,781][midst_toolkit][INFO] - DataFrame loaded from examples/ensemble_attack_example/data/midst_data_all_attacks/tabddpm_black_box/train/tabddpm_30/train_with_id.csv
[2025-09-05 08:14:29,894][midst_toolkit][INFO] - DataFrame loaded from examples/ensemble_attack_example/data/midst_data_all_attacks/tabsyn_black_box/train/tabsyn_1/train_with_id.csv
[2025-09-05 08:14:29,900][midst_toolkit][INFO] - DataFrame loaded from examples/ensemble_attack_example/data/midst_data_all_attacks/tabsyn_black_box/train/tabsyn_2/train_with_id.csv
[2025-09-05 08:14:29,908][midst_toolkit][INFO] - DataFrame loaded from examples/ensemble_attack_example/data/midst_data_all_attacks/tabsyn_black_box/train/tabsyn_3/train_with_id.csv
[2025-09-05 08:14:29,915][midst_toolkit][INFO] - DataFrame loaded from examples/ensemble_attack_example/data/midst_data_all_attacks/tabsyn_black_box/train/tabsyn_4/train_with_id.csv
[2025-09-05 08:14:29,923][midst_toolkit][INFO] - DataFrame loaded from examples/ensemble_attack_example/data/midst_data_all_attacks/tabsyn_black_box/train/tabsyn_5/train_with_id.csv
[2025-09-05 08:14:29,930][midst_toolkit][INFO] - DataFrame loaded from examples/ensemble_attack_example/data/midst_data_all_attacks/tabsyn_black_box/train/tabsyn_6/train_with_id.csv
[2025-09-05 08:14:29,938][midst_toolkit][INFO] - DataFrame loaded from examples/ensemble_attack_example/data/midst_data_all_attacks/tabsyn_black_box/train/tabsyn_7/train_with_id.csv
[2025-09-05 08:14:29,945][midst_toolkit][INFO] - DataFrame loaded from examples/ensemble_attack_example/data/midst_data_all_attacks/tabsyn_black_box/train/tabsyn_8/train_with_id.csv
[2025-09-05 08:14:29,954][midst_toolkit][INFO] - DataFrame loaded from examples/ensemble_attack_example/data/midst_data_all_attacks/tabsyn_black_box/train/tabsyn_9/train_with_id.csv
[2025-09-05 08:14:29,963][midst_toolkit][INFO] - DataFrame loaded from examples/ensemble_attack_example/data/midst_data_all_attacks/tabsyn_black_box/train/tabsyn_10/train_with_id.csv
[2025-09-05 08:14:29,972][midst_toolkit][INFO] - DataFrame loaded from examples/ensemble_attack_example/data/midst_data_all_attacks/tabsyn_black_box/train/tabsyn_11/train_with_id.csv
[2025-09-05 08:14:29,981][midst_toolkit][INFO] - DataFrame loaded from examples/ensemble_attack_example/data/midst_data_all_attacks/tabsyn_black_box/train/tabsyn_12/train_with_id.csv
[2025-09-05 08:14:29,989][midst_toolkit][INFO] - DataFrame loaded from examples/ensemble_attack_example/data/midst_data_all_attacks/tabsyn_black_box/train/tabsyn_13/train_with_id.csv
[2025-09-05 08:14:29,998][midst_toolkit][INFO] - DataFrame loaded from examples/ensemble_attack_example/data/midst_data_all_attacks/tabsyn_black_box/train/tabsyn_14/train_with_id.csv
[2025-09-05 08:14:30,008][midst_toolkit][INFO] - DataFrame loaded from examples/ensemble_attack_example/data/midst_data_all_attacks/tabsyn_black_box/train/tabsyn_15/train_with_id.csv
[2025-09-05 08:14:30,018][midst_toolkit][INFO] - DataFrame loaded from examples/ensemble_attack_example/data/midst_data_all_attacks/tabsyn_black_box/train/tabsyn_16/train_with_id.csv
[2025-09-05 08:14:30,027][midst_toolkit][INFO] - DataFrame loaded from examples/ensemble_attack_example/data/midst_data_all_attacks/tabsyn_black_box/train/tabsyn_17/train_with_id.csv
[2025-09-05 08:14:30,038][midst_toolkit][INFO] - DataFrame loaded from examples/ensemble_attack_example/data/midst_data_all_attacks/tabsyn_black_box/train/tabsyn_18/train_with_id.csv
[2025-09-05 08:14:30,051][midst_toolkit][INFO] - DataFrame loaded from examples/ensemble_attack_example/data/midst_data_all_attacks/tabsyn_black_box/train/tabsyn_19/train_with_id.csv
[2025-09-05 08:14:30,060][midst_toolkit][INFO] - DataFrame loaded from examples/ensemble_attack_example/data/midst_data_all_attacks/tabsyn_black_box/train/tabsyn_20/train_with_id.csv
[2025-09-05 08:14:30,071][midst_toolkit][INFO] - DataFrame loaded from examples/ensemble_attack_example/data/midst_data_all_attacks/tabsyn_black_box/train/tabsyn_21/train_with_id.csv
[2025-09-05 08:14:30,080][midst_toolkit][INFO] - DataFrame loaded from examples/ensemble_attack_example/data/midst_data_all_attacks/tabsyn_black_box/train/tabsyn_22/train_with_id.csv
[2025-09-05 08:14:30,090][midst_toolkit][INFO] - DataFrame loaded from examples/ensemble_attack_example/data/midst_data_all_attacks/tabsyn_black_box/train/tabsyn_23/train_with_id.csv
[2025-09-05 08:14:30,102][midst_toolkit][INFO] - DataFrame loaded from examples/ensemble_attack_example/data/midst_data_all_attacks/tabsyn_black_box/train/tabsyn_24/train_with_id.csv
[2025-09-05 08:14:30,113][midst_toolkit][INFO] - DataFrame loaded from examples/ensemble_attack_example/data/midst_data_all_attacks/tabsyn_black_box/train/tabsyn_25/train_with_id.csv
[2025-09-05 08:14:30,124][midst_toolkit][INFO] - DataFrame loaded from examples/ensemble_attack_example/data/midst_data_all_attacks/tabsyn_black_box/train/tabsyn_26/train_with_id.csv
[2025-09-05 08:14:30,137][midst_toolkit][INFO] - DataFrame loaded from examples/ensemble_attack_example/data/midst_data_all_attacks/tabsyn_black_box/train/tabsyn_27/train_with_id.csv
[2025-09-05 08:14:30,150][midst_toolkit][INFO] - DataFrame loaded from examples/ensemble_attack_example/data/midst_data_all_attacks/tabsyn_black_box/train/tabsyn_28/train_with_id.csv
[2025-09-05 08:14:30,161][midst_toolkit][INFO] - DataFrame loaded from examples/ensemble_attack_example/data/midst_data_all_attacks/tabsyn_black_box/train/tabsyn_29/train_with_id.csv
[2025-09-05 08:14:30,171][midst_toolkit][INFO] - DataFrame loaded from examples/ensemble_attack_example/data/midst_data_all_attacks/tabsyn_black_box/train/tabsyn_30/train_with_id.csv
[2025-09-05 08:14:30,267][midst_toolkit][INFO] - DataFrame loaded from examples/ensemble_attack_example/data/midst_data_all_attacks/tabddpm_white_box/train/tabddpm_1/train_with_id.csv
[2025-09-05 08:14:30,274][midst_toolkit][INFO] - DataFrame loaded from examples/ensemble_attack_example/data/midst_data_all_attacks/tabddpm_white_box/train/tabddpm_2/train_with_id.csv
[2025-09-05 08:14:30,282][midst_toolkit][INFO] - DataFrame loaded from examples/ensemble_attack_example/data/midst_data_all_attacks/tabddpm_white_box/train/tabddpm_3/train_with_id.csv
[2025-09-05 08:14:30,290][midst_toolkit][INFO] - DataFrame loaded from examples/ensemble_attack_example/data/midst_data_all_attacks/tabddpm_white_box/train/tabddpm_4/train_with_id.csv
[2025-09-05 08:14:30,297][midst_toolkit][INFO] - DataFrame loaded from examples/ensemble_attack_example/data/midst_data_all_attacks/tabddpm_white_box/train/tabddpm_5/train_with_id.csv
[2025-09-05 08:14:30,304][midst_toolkit][INFO] - DataFrame loaded from examples/ensemble_attack_example/data/midst_data_all_attacks/tabddpm_white_box/train/tabddpm_6/train_with_id.csv
[2025-09-05 08:14:30,311][midst_toolkit][INFO] - DataFrame loaded from examples/ensemble_attack_example/data/midst_data_all_attacks/tabddpm_white_box/train/tabddpm_7/train_with_id.csv
[2025-09-05 08:14:30,319][midst_toolkit][INFO] - DataFrame loaded from examples/ensemble_attack_example/data/midst_data_all_attacks/tabddpm_white_box/train/tabddpm_8/train_with_id.csv
[2025-09-05 08:14:30,328][midst_toolkit][INFO] - DataFrame loaded from examples/ensemble_attack_example/data/midst_data_all_attacks/tabddpm_white_box/train/tabddpm_9/train_with_id.csv
[2025-09-05 08:14:30,337][midst_toolkit][INFO] - DataFrame loaded from examples/ensemble_attack_example/data/midst_data_all_attacks/tabddpm_white_box/train/tabddpm_10/train_with_id.csv
[2025-09-05 08:14:30,346][midst_toolkit][INFO] - DataFrame loaded from examples/ensemble_attack_example/data/midst_data_all_attacks/tabddpm_white_box/train/tabddpm_11/train_with_id.csv
[2025-09-05 08:14:30,355][midst_toolkit][INFO] - DataFrame loaded from examples/ensemble_attack_example/data/midst_data_all_attacks/tabddpm_white_box/train/tabddpm_12/train_with_id.csv
[2025-09-05 08:14:30,364][midst_toolkit][INFO] - DataFrame loaded from examples/ensemble_attack_example/data/midst_data_all_attacks/tabddpm_white_box/train/tabddpm_13/train_with_id.csv
[2025-09-05 08:14:30,374][midst_toolkit][INFO] - DataFrame loaded from examples/ensemble_attack_example/data/midst_data_all_attacks/tabddpm_white_box/train/tabddpm_14/train_with_id.csv
[2025-09-05 08:14:30,383][midst_toolkit][INFO] - DataFrame loaded from examples/ensemble_attack_example/data/midst_data_all_attacks/tabddpm_white_box/train/tabddpm_15/train_with_id.csv
[2025-09-05 08:14:30,393][midst_toolkit][INFO] - DataFrame loaded from examples/ensemble_attack_example/data/midst_data_all_attacks/tabddpm_white_box/train/tabddpm_16/train_with_id.csv
[2025-09-05 08:14:30,404][midst_toolkit][INFO] - DataFrame loaded from examples/ensemble_attack_example/data/midst_data_all_attacks/tabddpm_white_box/train/tabddpm_17/train_with_id.csv
[2025-09-05 08:14:30,418][midst_toolkit][INFO] - DataFrame loaded from examples/ensemble_attack_example/data/midst_data_all_attacks/tabddpm_white_box/train/tabddpm_18/train_with_id.csv
[2025-09-05 08:14:30,431][midst_toolkit][INFO] - DataFrame loaded from examples/ensemble_attack_example/data/midst_data_all_attacks/tabddpm_white_box/train/tabddpm_19/train_with_id.csv
[2025-09-05 08:14:30,441][midst_toolkit][INFO] - DataFrame loaded from examples/ensemble_attack_example/data/midst_data_all_attacks/tabddpm_white_box/train/tabddpm_20/train_with_id.csv
[2025-09-05 08:14:30,452][midst_toolkit][INFO] - DataFrame loaded from examples/ensemble_attack_example/data/midst_data_all_attacks/tabddpm_white_box/train/tabddpm_21/train_with_id.csv
[2025-09-05 08:14:30,462][midst_toolkit][INFO] - DataFrame loaded from examples/ensemble_attack_example/data/midst_data_all_attacks/tabddpm_white_box/train/tabddpm_22/train_with_id.csv
[2025-09-05 08:14:30,473][midst_toolkit][INFO] - DataFrame loaded from examples/ensemble_attack_example/data/midst_data_all_attacks/tabddpm_white_box/train/tabddpm_23/train_with_id.csv
[2025-09-05 08:14:30,485][midst_toolkit][INFO] - DataFrame loaded from examples/ensemble_attack_example/data/midst_data_all_attacks/tabddpm_white_box/train/tabddpm_24/train_with_id.csv
[2025-09-05 08:14:30,496][midst_toolkit][INFO] - DataFrame loaded from examples/ensemble_attack_example/data/midst_data_all_attacks/tabddpm_white_box/train/tabddpm_25/train_with_id.csv
[2025-09-05 08:14:30,507][midst_toolkit][INFO] - DataFrame loaded from examples/ensemble_attack_example/data/midst_data_all_attacks/tabddpm_white_box/train/tabddpm_26/train_with_id.csv
[2025-09-05 08:14:30,521][midst_toolkit][INFO] - DataFrame loaded from examples/ensemble_attack_example/data/midst_data_all_attacks/tabddpm_white_box/train/tabddpm_27/train_with_id.csv
[2025-09-05 08:14:30,531][midst_toolkit][INFO] - DataFrame loaded from examples/ensemble_attack_example/data/midst_data_all_attacks/tabddpm_white_box/train/tabddpm_28/train_with_id.csv
[2025-09-05 08:14:30,543][midst_toolkit][INFO] - DataFrame loaded from examples/ensemble_attack_example/data/midst_data_all_attacks/tabddpm_white_box/train/tabddpm_29/train_with_id.csv
[2025-09-05 08:14:30,555][midst_toolkit][INFO] - DataFrame loaded from examples/ensemble_attack_example/data/midst_data_all_attacks/tabddpm_white_box/train/tabddpm_30/train_with_id.csv
[2025-09-05 08:14:30,659][midst_toolkit][INFO] - DataFrame loaded from examples/ensemble_attack_example/data/midst_data_all_attacks/tabsyn_white_box/train/tabsyn_1/train_with_id.csv
[2025-09-05 08:14:30,667][midst_toolkit][INFO] - DataFrame loaded from examples/ensemble_attack_example/data/midst_data_all_attacks/tabsyn_white_box/train/tabsyn_2/train_with_id.csv
[2025-09-05 08:14:30,675][midst_toolkit][INFO] - DataFrame loaded from examples/ensemble_attack_example/data/midst_data_all_attacks/tabsyn_white_box/train/tabsyn_3/train_with_id.csv
[2025-09-05 08:14:30,682][midst_toolkit][INFO] - DataFrame loaded from examples/ensemble_attack_example/data/midst_data_all_attacks/tabsyn_white_box/train/tabsyn_4/train_with_id.csv
[2025-09-05 08:14:30,689][midst_toolkit][INFO] - DataFrame loaded from examples/ensemble_attack_example/data/midst_data_all_attacks/tabsyn_white_box/train/tabsyn_5/train_with_id.csv
[2025-09-05 08:14:30,696][midst_toolkit][INFO] - DataFrame loaded from examples/ensemble_attack_example/data/midst_data_all_attacks/tabsyn_white_box/train/tabsyn_6/train_with_id.csv
[2025-09-05 08:14:30,704][midst_toolkit][INFO] - DataFrame loaded from examples/ensemble_attack_example/data/midst_data_all_attacks/tabsyn_white_box/train/tabsyn_7/train_with_id.csv
[2025-09-05 08:14:30,712][midst_toolkit][INFO] - DataFrame loaded from examples/ensemble_attack_example/data/midst_data_all_attacks/tabsyn_white_box/train/tabsyn_8/train_with_id.csv
[2025-09-05 08:14:30,721][midst_toolkit][INFO] - DataFrame loaded from examples/ensemble_attack_example/data/midst_data_all_attacks/tabsyn_white_box/train/tabsyn_9/train_with_id.csv
[2025-09-05 08:14:30,728][midst_toolkit][INFO] - DataFrame loaded from examples/ensemble_attack_example/data/midst_data_all_attacks/tabsyn_white_box/train/tabsyn_10/train_with_id.csv
[2025-09-05 08:14:30,738][midst_toolkit][INFO] - DataFrame loaded from examples/ensemble_attack_example/data/midst_data_all_attacks/tabsyn_white_box/train/tabsyn_11/train_with_id.csv
[2025-09-05 08:14:30,746][midst_toolkit][INFO] - DataFrame loaded from examples/ensemble_attack_example/data/midst_data_all_attacks/tabsyn_white_box/train/tabsyn_12/train_with_id.csv
[2025-09-05 08:14:30,755][midst_toolkit][INFO] - DataFrame loaded from examples/ensemble_attack_example/data/midst_data_all_attacks/tabsyn_white_box/train/tabsyn_13/train_with_id.csv
[2025-09-05 08:14:30,764][midst_toolkit][INFO] - DataFrame loaded from examples/ensemble_attack_example/data/midst_data_all_attacks/tabsyn_white_box/train/tabsyn_14/train_with_id.csv
[2025-09-05 08:14:30,810][midst_toolkit][INFO] - DataFrame loaded from examples/ensemble_attack_example/data/midst_data_all_attacks/tabsyn_white_box/train/tabsyn_15/train_with_id.csv
[2025-09-05 08:14:30,828][midst_toolkit][INFO] - DataFrame loaded from examples/ensemble_attack_example/data/midst_data_all_attacks/tabsyn_white_box/train/tabsyn_16/train_with_id.csv
[2025-09-05 08:14:30,838][midst_toolkit][INFO] - DataFrame loaded from examples/ensemble_attack_example/data/midst_data_all_attacks/tabsyn_white_box/train/tabsyn_17/train_with_id.csv
[2025-09-05 08:14:30,847][midst_toolkit][INFO] - DataFrame loaded from examples/ensemble_attack_example/data/midst_data_all_attacks/tabsyn_white_box/train/tabsyn_18/train_with_id.csv
[2025-09-05 08:14:30,857][midst_toolkit][INFO] - DataFrame loaded from examples/ensemble_attack_example/data/midst_data_all_attacks/tabsyn_white_box/train/tabsyn_19/train_with_id.csv
[2025-09-05 08:14:30,873][midst_toolkit][INFO] - DataFrame loaded from examples/ensemble_attack_example/data/midst_data_all_attacks/tabsyn_white_box/train/tabsyn_20/train_with_id.csv
[2025-09-05 08:14:30,885][midst_toolkit][INFO] - DataFrame loaded from examples/ensemble_attack_example/data/midst_data_all_attacks/tabsyn_white_box/train/tabsyn_21/train_with_id.csv
[2025-09-05 08:14:30,895][midst_toolkit][INFO] - DataFrame loaded from examples/ensemble_attack_example/data/midst_data_all_attacks/tabsyn_white_box/train/tabsyn_22/train_with_id.csv
[2025-09-05 08:14:30,905][midst_toolkit][INFO] - DataFrame loaded from examples/ensemble_attack_example/data/midst_data_all_attacks/tabsyn_white_box/train/tabsyn_23/train_with_id.csv
[2025-09-05 08:14:30,923][midst_toolkit][INFO] - DataFrame loaded from examples/ensemble_attack_example/data/midst_data_all_attacks/tabsyn_white_box/train/tabsyn_24/train_with_id.csv
[2025-09-05 08:14:30,936][midst_toolkit][INFO] - DataFrame loaded from examples/ensemble_attack_example/data/midst_data_all_attacks/tabsyn_white_box/train/tabsyn_25/train_with_id.csv
[2025-09-05 08:14:30,947][midst_toolkit][INFO] - DataFrame loaded from examples/ensemble_attack_example/data/midst_data_all_attacks/tabsyn_white_box/train/tabsyn_26/train_with_id.csv
[2025-09-05 08:14:30,958][midst_toolkit][INFO] - DataFrame loaded from examples/ensemble_attack_example/data/midst_data_all_attacks/tabsyn_white_box/train/tabsyn_27/train_with_id.csv
[2025-09-05 08:14:30,970][midst_toolkit][INFO] - DataFrame loaded from examples/ensemble_attack_example/data/midst_data_all_attacks/tabsyn_white_box/train/tabsyn_28/train_with_id.csv
[2025-09-05 08:14:30,981][midst_toolkit][INFO] - DataFrame loaded from examples/ensemble_attack_example/data/midst_data_all_attacks/tabsyn_white_box/train/tabsyn_29/train_with_id.csv
[2025-09-05 08:14:30,994][midst_toolkit][INFO] - DataFrame loaded from examples/ensemble_attack_example/data/midst_data_all_attacks/tabsyn_white_box/train/tabsyn_30/train_with_id.csv
[2025-09-05 08:14:31,096][midst_toolkit][INFO] - DataFrame loaded from examples/ensemble_attack_example/data/midst_data_all_attacks/clavaddpm_black_box/train/clavaddpm_1/trans.csv
[2025-09-05 08:14:31,103][midst_toolkit][INFO] - DataFrame loaded from examples/ensemble_attack_example/data/midst_data_all_attacks/clavaddpm_black_box/train/clavaddpm_2/trans.csv
[2025-09-05 08:14:31,110][midst_toolkit][INFO] - DataFrame loaded from examples/ensemble_attack_example/data/midst_data_all_attacks/clavaddpm_black_box/train/clavaddpm_3/trans.csv
[2025-09-05 08:14:31,118][midst_toolkit][INFO] - DataFrame loaded from examples/ensemble_attack_example/data/midst_data_all_attacks/clavaddpm_black_box/train/clavaddpm_4/trans.csv
[2025-09-05 08:14:31,125][midst_toolkit][INFO] - DataFrame loaded from examples/ensemble_attack_example/data/midst_data_all_attacks/clavaddpm_black_box/train/clavaddpm_5/trans.csv
[2025-09-05 08:14:31,133][midst_toolkit][INFO] - DataFrame loaded from examples/ensemble_attack_example/data/midst_data_all_attacks/clavaddpm_black_box/train/clavaddpm_6/trans.csv
[2025-09-05 08:14:31,141][midst_toolkit][INFO] - DataFrame loaded from examples/ensemble_attack_example/data/midst_data_all_attacks/clavaddpm_black_box/train/clavaddpm_7/trans.csv
[2025-09-05 08:14:31,148][midst_toolkit][INFO] - DataFrame loaded from examples/ensemble_attack_example/data/midst_data_all_attacks/clavaddpm_black_box/train/clavaddpm_8/trans.csv
[2025-09-05 08:14:31,156][midst_toolkit][INFO] - DataFrame loaded from examples/ensemble_attack_example/data/midst_data_all_attacks/clavaddpm_black_box/train/clavaddpm_9/trans.csv
[2025-09-05 08:14:31,165][midst_toolkit][INFO] - DataFrame loaded from examples/ensemble_attack_example/data/midst_data_all_attacks/clavaddpm_black_box/train/clavaddpm_10/trans.csv
[2025-09-05 08:14:31,174][midst_toolkit][INFO] - DataFrame loaded from examples/ensemble_attack_example/data/midst_data_all_attacks/clavaddpm_black_box/train/clavaddpm_11/trans.csv
[2025-09-05 08:14:31,182][midst_toolkit][INFO] - DataFrame loaded from examples/ensemble_attack_example/data/midst_data_all_attacks/clavaddpm_black_box/train/clavaddpm_12/trans.csv
[2025-09-05 08:14:31,191][midst_toolkit][INFO] - DataFrame loaded from examples/ensemble_attack_example/data/midst_data_all_attacks/clavaddpm_black_box/train/clavaddpm_13/trans.csv
[2025-09-05 08:14:31,200][midst_toolkit][INFO] - DataFrame loaded from examples/ensemble_attack_example/data/midst_data_all_attacks/clavaddpm_black_box/train/clavaddpm_14/trans.csv
[2025-09-05 08:14:31,209][midst_toolkit][INFO] - DataFrame loaded from examples/ensemble_attack_example/data/midst_data_all_attacks/clavaddpm_black_box/train/clavaddpm_15/trans.csv
[2025-09-05 08:14:31,219][midst_toolkit][INFO] - DataFrame loaded from examples/ensemble_attack_example/data/midst_data_all_attacks/clavaddpm_black_box/train/clavaddpm_16/trans.csv
[2025-09-05 08:14:31,229][midst_toolkit][INFO] - DataFrame loaded from examples/ensemble_attack_example/data/midst_data_all_attacks/clavaddpm_black_box/train/clavaddpm_17/trans.csv
[2025-09-05 08:14:31,240][midst_toolkit][INFO] - DataFrame loaded from examples/ensemble_attack_example/data/midst_data_all_attacks/clavaddpm_black_box/train/clavaddpm_18/trans.csv
[2025-09-05 08:14:31,251][midst_toolkit][INFO] - DataFrame loaded from examples/ensemble_attack_example/data/midst_data_all_attacks/clavaddpm_black_box/train/clavaddpm_19/trans.csv
[2025-09-05 08:14:31,260][midst_toolkit][INFO] - DataFrame loaded from examples/ensemble_attack_example/data/midst_data_all_attacks/clavaddpm_black_box/train/clavaddpm_20/trans.csv
[2025-09-05 08:14:31,271][midst_toolkit][INFO] - DataFrame loaded from examples/ensemble_attack_example/data/midst_data_all_attacks/clavaddpm_black_box/train/clavaddpm_21/trans.csv
[2025-09-05 08:14:31,280][midst_toolkit][INFO] - DataFrame loaded from examples/ensemble_attack_example/data/midst_data_all_attacks/clavaddpm_black_box/train/clavaddpm_22/trans.csv
[2025-09-05 08:14:31,291][midst_toolkit][INFO] - DataFrame loaded from examples/ensemble_attack_example/data/midst_data_all_attacks/clavaddpm_black_box/train/clavaddpm_23/trans.csv
[2025-09-05 08:14:31,302][midst_toolkit][INFO] - DataFrame loaded from examples/ensemble_attack_example/data/midst_data_all_attacks/clavaddpm_black_box/train/clavaddpm_24/trans.csv
[2025-09-05 08:14:31,312][midst_toolkit][INFO] - DataFrame loaded from examples/ensemble_attack_example/data/midst_data_all_attacks/clavaddpm_black_box/train/clavaddpm_25/trans.csv
[2025-09-05 08:14:31,323][midst_toolkit][INFO] - DataFrame loaded from examples/ensemble_attack_example/data/midst_data_all_attacks/clavaddpm_black_box/train/clavaddpm_26/trans.csv
[2025-09-05 08:14:31,335][midst_toolkit][INFO] - DataFrame loaded from examples/ensemble_attack_example/data/midst_data_all_attacks/clavaddpm_black_box/train/clavaddpm_27/trans.csv
[2025-09-05 08:14:31,345][midst_toolkit][INFO] - DataFrame loaded from examples/ensemble_attack_example/data/midst_data_all_attacks/clavaddpm_black_box/train/clavaddpm_28/trans.csv
[2025-09-05 08:14:31,357][midst_toolkit][INFO] - DataFrame loaded from examples/ensemble_attack_example/data/midst_data_all_attacks/clavaddpm_black_box/train/clavaddpm_29/trans.csv
[2025-09-05 08:14:31,369][midst_toolkit][INFO] - DataFrame loaded from examples/ensemble_attack_example/data/midst_data_all_attacks/clavaddpm_black_box/train/clavaddpm_30/trans.csv
[2025-09-05 08:14:31,476][midst_toolkit][INFO] - DataFrame loaded from examples/ensemble_attack_example/data/midst_data_all_attacks/clavaddpm_white_box/train/clavaddpm_1/trans.csv
[2025-09-05 08:14:31,483][midst_toolkit][INFO] - DataFrame loaded from examples/ensemble_attack_example/data/midst_data_all_attacks/clavaddpm_white_box/train/clavaddpm_2/trans.csv
[2025-09-05 08:14:31,491][midst_toolkit][INFO] - DataFrame loaded from examples/ensemble_attack_example/data/midst_data_all_attacks/clavaddpm_white_box/train/clavaddpm_3/trans.csv
[2025-09-05 08:14:31,498][midst_toolkit][INFO] - DataFrame loaded from examples/ensemble_attack_example/data/midst_data_all_attacks/clavaddpm_white_box/train/clavaddpm_4/trans.csv
[2025-09-05 08:14:31,506][midst_toolkit][INFO] - DataFrame loaded from examples/ensemble_attack_example/data/midst_data_all_attacks/clavaddpm_white_box/train/clavaddpm_5/trans.csv
[2025-09-05 08:14:31,513][midst_toolkit][INFO] - DataFrame loaded from examples/ensemble_attack_example/data/midst_data_all_attacks/clavaddpm_white_box/train/clavaddpm_6/trans.csv
[2025-09-05 08:14:31,522][midst_toolkit][INFO] - DataFrame loaded from examples/ensemble_attack_example/data/midst_data_all_attacks/clavaddpm_white_box/train/clavaddpm_7/trans.csv
[2025-09-05 08:14:31,530][midst_toolkit][INFO] - DataFrame loaded from examples/ensemble_attack_example/data/midst_data_all_attacks/clavaddpm_white_box/train/clavaddpm_8/trans.csv
[2025-09-05 08:14:31,538][midst_toolkit][INFO] - DataFrame loaded from examples/ensemble_attack_example/data/midst_data_all_attacks/clavaddpm_white_box/train/clavaddpm_9/trans.csv
[2025-09-05 08:14:31,546][midst_toolkit][INFO] - DataFrame loaded from examples/ensemble_attack_example/data/midst_data_all_attacks/clavaddpm_white_box/train/clavaddpm_10/trans.csv
[2025-09-05 08:14:31,557][midst_toolkit][INFO] - DataFrame loaded from examples/ensemble_attack_example/data/midst_data_all_attacks/clavaddpm_white_box/train/clavaddpm_11/trans.csv
[2025-09-05 08:14:31,568][midst_toolkit][INFO] - DataFrame loaded from examples/ensemble_attack_example/data/midst_data_all_attacks/clavaddpm_white_box/train/clavaddpm_12/trans.csv
[2025-09-05 08:14:31,576][midst_toolkit][INFO] - DataFrame loaded from examples/ensemble_attack_example/data/midst_data_all_attacks/clavaddpm_white_box/train/clavaddpm_13/trans.csv
[2025-09-05 08:14:31,586][midst_toolkit][INFO] - DataFrame loaded from examples/ensemble_attack_example/data/midst_data_all_attacks/clavaddpm_white_box/train/clavaddpm_14/trans.csv
[2025-09-05 08:14:31,621][midst_toolkit][INFO] - DataFrame loaded from examples/ensemble_attack_example/data/midst_data_all_attacks/clavaddpm_white_box/train/clavaddpm_15/trans.csv
[2025-09-05 08:14:31,650][midst_toolkit][INFO] - DataFrame loaded from examples/ensemble_attack_example/data/midst_data_all_attacks/clavaddpm_white_box/train/clavaddpm_16/trans.csv
[2025-09-05 08:14:31,660][midst_toolkit][INFO] - DataFrame loaded from examples/ensemble_attack_example/data/midst_data_all_attacks/clavaddpm_white_box/train/clavaddpm_17/trans.csv
[2025-09-05 08:14:31,669][midst_toolkit][INFO] - DataFrame loaded from examples/ensemble_attack_example/data/midst_data_all_attacks/clavaddpm_white_box/train/clavaddpm_18/trans.csv
[2025-09-05 08:14:31,679][midst_toolkit][INFO] - DataFrame loaded from examples/ensemble_attack_example/data/midst_data_all_attacks/clavaddpm_white_box/train/clavaddpm_19/trans.csv
[2025-09-05 08:14:31,688][midst_toolkit][INFO] - DataFrame loaded from examples/ensemble_attack_example/data/midst_data_all_attacks/clavaddpm_white_box/train/clavaddpm_20/trans.csv
[2025-09-05 08:14:31,698][midst_toolkit][INFO] - DataFrame loaded from examples/ensemble_attack_example/data/midst_data_all_attacks/clavaddpm_white_box/train/clavaddpm_21/trans.csv
[2025-09-05 08:14:31,708][midst_toolkit][INFO] - DataFrame loaded from examples/ensemble_attack_example/data/midst_data_all_attacks/clavaddpm_white_box/train/clavaddpm_22/trans.csv
[2025-09-05 08:14:31,720][midst_toolkit][INFO] - DataFrame loaded from examples/ensemble_attack_example/data/midst_data_all_attacks/clavaddpm_white_box/train/clavaddpm_23/trans.csv
[2025-09-05 08:14:31,731][midst_toolkit][INFO] - DataFrame loaded from examples/ensemble_attack_example/data/midst_data_all_attacks/clavaddpm_white_box/train/clavaddpm_24/trans.csv
[2025-09-05 08:14:31,742][midst_toolkit][INFO] - DataFrame loaded from examples/ensemble_attack_example/data/midst_data_all_attacks/clavaddpm_white_box/train/clavaddpm_25/trans.csv
[2025-09-05 08:14:31,752][midst_toolkit][INFO] - DataFrame loaded from examples/ensemble_attack_example/data/midst_data_all_attacks/clavaddpm_white_box/train/clavaddpm_26/trans.csv
[2025-09-05 08:14:31,765][midst_toolkit][INFO] - DataFrame loaded from examples/ensemble_attack_example/data/midst_data_all_attacks/clavaddpm_white_box/train/clavaddpm_27/trans.csv
[2025-09-05 08:14:31,775][midst_toolkit][INFO] - DataFrame loaded from examples/ensemble_attack_example/data/midst_data_all_attacks/clavaddpm_white_box/train/clavaddpm_28/trans.csv
[2025-09-05 08:14:31,786][midst_toolkit][INFO] - DataFrame loaded from examples/ensemble_attack_example/data/midst_data_all_attacks/clavaddpm_white_box/train/clavaddpm_29/trans.csv
[2025-09-05 08:14:31,799][midst_toolkit][INFO] - DataFrame loaded from examples/ensemble_attack_example/data/midst_data_all_attacks/clavaddpm_white_box/train/clavaddpm_30/trans.csv
[2025-09-05 08:14:32,331][midst_toolkit][WARNING] - File examples/ensemble_attack_example/data/population_data/population_all.csv already exists and will be overwritten.
[2025-09-05 08:14:33,783][midst_toolkit][INFO] - DataFrame saved to examples/ensemble_attack_example/data/population_data/population_all.csv
[2025-09-05 08:14:33,784][midst_toolkit][WARNING] - File examples/ensemble_attack_example/data/population_data/population_all_no_id.csv already exists and will be overwritten.
